<?xml version="1.0" encoding="UTF-8"?>
<!-- Generated by org.testng.reporters.JUnitXMLReporter -->
<testsuite ignored="0" hostname="DESKTOP-B6PQI5G" failures="1" tests="1" name=" dishbyid" time="0.045" errors="0" timestamp="2023-10-13T08:52:15 IST">
  <testcase classname="Automation.Restaurant.GetDishByid" name="getDishbyid" time="0.04">
    <failure type="java.lang.AssertionError" message="expected [Fish] but found [Fish Curry]">
      <![CDATA[java.lang.AssertionError: expected [Fish] but found [Fish Curry]
at Automation.Restaurant.GetDishByid.getDishbyid(GetDishByid.java:42)
at java.base/java.util.ArrayList.forEach(ArrayList.java:1541)
... Removed 33 stack frames]]>
    </failure>
  </testcase> <!-- getDishbyid -->
</testsuite> <!--  dishbyid -->
