<?xml version="1.0" encoding="UTF-8"?>
<!-- Generated by org.testng.reporters.JUnitXMLReporter -->
<testsuite ignored="0" hostname="DESKTOP-B6PQI5G" failures="1" tests="1" name="delete dish" time="0.163" errors="0" timestamp="2023-10-13T08:52:15 IST">
  <testcase classname="Automation.Restaurant.DeleteDish" name="Deletedish" time="0.157">
    <failure type="java.lang.AssertionError" message="1 expectation failed.
Expected status code &amp;lt;404&amp;gt; but was &amp;lt;200&amp;gt;.
">
      <![CDATA[java.lang.AssertionError: 1 expectation failed.
Expected status code <404> but was <200>.

at org.codehaus.groovy.runtime.callsite.ConstructorSite$ConstructorSiteNoUnwrap.callConstructor(ConstructorSite.java:84)
at org.codehaus.groovy.runtime.callsite.AbstractCallSite.callConstructor(AbstractCallSite.java:250)
at io.restassured.internal.ResponseSpecificationImpl$HamcrestAssertionClosure.validate(ResponseSpecificationImpl.groovy:494)
at io.restassured.internal.ResponseSpecificationImpl$HamcrestAssertionClosure$validate$1.call(Unknown Source)
at io.restassured.internal.ResponseSpecificationImpl.validate(ResponseSpecificationImpl.groovy:91)
at io.restassured.internal.ValidatableResponseOptionsImpl.specification(ValidatableResponseOptionsImpl.java:321)
at io.restassured.internal.ValidatableResponseOptionsImpl.spec(ValidatableResponseOptionsImpl.java:298)
at Automation.Restaurant.DeleteDish.Deletedish(DeleteDish.java:34)
at java.base/java.util.ArrayList.forEach(ArrayList.java:1541)
... Removed 33 stack frames]]>
    </failure>
  </testcase> <!-- Deletedish -->
</testsuite> <!-- delete dish -->
