<?xml version="1.0" encoding="UTF-8"?>
<!-- Generated by org.testng.reporters.JUnitXMLReporter -->
<testsuite ignored="0" hostname="DESKTOP-B6PQI5G" failures="1" tests="1" name="Getallorders" time="0.097" errors="0" timestamp="2023-10-10T12:09:45 IST">
  <testcase classname="Automation.Admin.GetAllOrders" name="getallorder" time="0.062">
    <failure type="java.lang.AssertionError" message="expected [malnad] but found [malnaddd]">
      <![CDATA[java.lang.AssertionError: expected [malnad] but found [malnaddd]
at Automation.Admin.GetAllOrders.getallorder(GetAllOrders.java:42)
at java.base/java.util.ArrayList.forEach(ArrayList.java:1541)
... Removed 33 stack frames]]>
    </failure>
  </testcase> <!-- getallorder -->
</testsuite> <!-- Getallorders -->
